2019-03-07 15:58:04,876 - Base - INFO - click the element
2019-03-07 15:58:17,409 - Base - INFO - 输入内容：style1
2019-03-07 15:58:18,537 - Base - INFO - click the element
2019-03-07 15:58:20,037 - Base - INFO - click the element
2019-03-07 15:58:21,916 - Base - INFO - click the element
2019-03-07 15:58:31,445 - Base - INFO - 输入内容：style2
2019-03-07 15:58:57,887 - Base - INFO - long_press
2019-03-07 15:58:58,806 - Base - INFO - click the element
2019-03-07 15:58:59,695 - Base - INFO - click the element
2019-03-07 15:59:02,106 - Base - INFO - click the element
2019-03-07 15:59:04,854 - Base - INFO - swipe
2019-03-07 15:59:05,351 - Base - INFO - click the element
2019-03-07 15:59:20,075 - Base - INFO - long_press
2019-03-07 15:59:22,021 - Base - INFO - click the element
2019-03-07 15:59:22,819 - Base - INFO - click the element
2019-03-07 15:59:25,260 - Base - INFO - click the element
2019-03-07 15:59:27,984 - Base - INFO - click the element
2019-03-07 15:59:42,813 - Base - INFO - click the element
2019-03-07 15:59:45,226 - Base - INFO - click the element
2019-03-07 15:59:55,002 - Base - INFO - 输入内容：1233211234567@qq.com
2019-03-07 16:00:02,889 - Base - INFO - 输入内容：123456789
2019-03-07 16:00:03,873 - Base - INFO - click the element
2019-03-07 16:00:07,914 - Base - INFO - click the element
2019-03-07 16:00:09,881 - Base - INFO - click the element
2019-03-07 16:00:11,966 - Base - INFO - click the element
2019-03-07 16:00:26,295 - Base - INFO - click the element
2019-03-07 16:00:28,753 - Base - INFO - click the element
2019-03-07 16:00:38,427 - Base - INFO - 输入内容：2251789077@qq.com
2019-03-07 16:00:46,271 - Base - INFO - 输入内容：123456789
2019-03-07 16:00:47,139 - Base - INFO - click the element
2019-03-07 16:00:50,164 - Base - INFO - click the element
2019-03-07 16:00:52,675 - Base - INFO - click the element
2019-03-07 16:00:54,856 - Base - INFO - click the element
2019-03-07 16:01:15,085 - Base - INFO - click the element
2019-03-07 16:01:17,285 - Base - INFO - click the element
2019-03-07 16:01:26,973 - Base - INFO - 输入内容：1111112254455@qq.com
2019-03-07 16:01:34,744 - Base - INFO - 输入内容：123456789
2019-03-07 16:01:35,639 - Base - INFO - click the element
2019-03-07 16:01:38,904 - Base - INFO - click the element
2019-03-07 16:01:40,752 - Base - INFO - click the element
2019-03-07 16:01:42,869 - Base - INFO - click the element
2019-03-07 16:01:57,246 - Base - INFO - click the element
2019-03-07 16:01:58,271 - Base - INFO - click the element
2019-03-07 16:02:08,060 - Base - INFO - 输入内容：123321123456@qq.com
2019-03-07 16:02:15,971 - Base - INFO - 输入内容：123456789
2019-03-07 16:02:16,884 - Base - INFO - click the element
2019-03-07 16:02:29,466 - Base - INFO - had take screenshot and save to folder:/scteenshots
2019-03-07 16:02:29,466 - Base - ERROR - faild find element with Message: 

2019-03-07 16:02:30,342 - Base - INFO - had take screenshot and save to folder:/scteenshots
2019-03-07 16:02:30,343 - Base - ERROR - failed get_text with 'NoneType' object has no attribute 'text'
2019-03-07 16:02:40,403 - Base - INFO - click the element
2019-03-07 16:02:41,387 - Base - INFO - click the element
2019-03-07 16:02:43,475 - Base - INFO - click the element
2019-03-07 16:03:00,572 - Base - INFO - click the element
2019-03-07 16:03:02,167 - Base - INFO - click the element
2019-03-07 16:03:02,999 - Base - INFO - click the element
2019-03-07 16:03:11,846 - Base - INFO - 输入内容：vikkieen
2019-03-07 16:03:19,723 - Base - INFO - 输入内容：123321123451@qq.com
2019-03-07 16:03:27,419 - Base - INFO - 输入内容：123456789
2019-03-07 16:03:28,756 - Base - INFO - click the element
2019-03-07 16:03:41,750 - Base - INFO - had take screenshot and save to folder:/scteenshots
2019-03-07 16:03:41,750 - Base - ERROR - faild find element with Message: 

2019-03-07 16:03:42,669 - Base - INFO - had take screenshot and save to folder:/scteenshots
2019-03-07 16:03:42,670 - Base - ERROR - failed get_text with 'NoneType' object has no attribute 'text'
2019-03-07 16:04:03,611 - Base - INFO - click the element
2019-03-07 16:04:10,628 - Base - INFO - 输入内容：style1
2019-03-07 16:04:11,173 - Base - INFO - keysevent
2019-03-07 16:04:13,072 - Base - INFO - click the element
2019-03-07 16:04:15,846 - Base - INFO - click the element
2019-03-07 16:04:39,478 - Base - INFO - long_press
2019-03-07 16:04:40,768 - Base - INFO - click the element
2019-03-07 16:04:43,206 - Base - INFO - swipe
2019-03-07 16:04:43,805 - Base - INFO - click the element
2019-03-07 16:05:00,308 - Base - INFO - click the element
2019-03-07 16:05:02,560 - Base - INFO - click the element
2019-03-07 16:05:14,892 - Base - INFO - had take screenshot and save to folder:/scteenshots
2019-03-07 16:05:14,893 - Base - ERROR - faild find element with Message: 

2019-03-07 16:05:15,871 - Base - INFO - had take screenshot and save to folder:/scteenshots
2019-03-07 16:05:15,871 - Base - ERROR - failed to click the elemetn with 'NoneType' object has no attribute 'click'
2019-03-07 16:05:28,187 - Base - INFO - had take screenshot and save to folder:/scteenshots
2019-03-07 16:05:28,187 - Base - ERROR - faild find element with Message: 

