2019-03-06 21:05:08,356 - Base - INFO - click the element
2019-03-06 21:05:10,483 - Base - INFO - click the element
2019-03-06 21:05:20,388 - Base - INFO - 输入内容：1233211234567@qq.com
2019-03-06 21:05:28,143 - Base - INFO - 输入内容：123456789
2019-03-06 21:05:29,072 - Base - INFO - click the element
2019-03-06 21:05:29,879 - Base - INFO - had take screenshot and save to folder:/scteenshots
2019-03-06 21:05:29,880 - Base - ERROR - faild find element with Message: Missing parameters: ["selector"]

2019-03-06 21:05:30,771 - Base - INFO - had take screenshot and save to folder:/scteenshots
2019-03-06 21:05:30,772 - Base - ERROR - failed get_text with 'NoneType' object has no attribute 'text'
2019-03-06 21:05:45,081 - Base - INFO - had take screenshot and save to folder:/scteenshots
2019-03-06 21:05:45,081 - Base - ERROR - faild find element with Message: 

2019-03-06 21:05:46,024 - Base - INFO - had take screenshot and save to folder:/scteenshots
2019-03-06 21:05:46,024 - Base - ERROR - failed to click the elemetn with 'NoneType' object has no attribute 'click'
2019-03-06 21:05:58,594 - Base - INFO - had take screenshot and save to folder:/scteenshots
2019-03-06 21:05:58,594 - Base - ERROR - faild find element with Message: 

2019-03-06 21:05:59,521 - Base - INFO - had take screenshot and save to folder:/scteenshots
2019-03-06 21:05:59,521 - Base - ERROR - failed to click the elemetn with 'NoneType' object has no attribute 'click'
2019-03-06 21:06:12,387 - Base - INFO - had take screenshot and save to folder:/scteenshots
2019-03-06 21:06:12,387 - Base - ERROR - faild find element with Message: 

2019-03-06 21:06:13,381 - Base - INFO - had take screenshot and save to folder:/scteenshots
2019-03-06 21:06:13,381 - Base - ERROR - failed to click the elemetn with 'NoneType' object has no attribute 'click'
2019-03-06 21:06:28,456 - Base - INFO - click the element
2019-03-06 21:06:30,621 - Base - INFO - click the element
2019-03-06 21:06:50,911 - Base - INFO - 输入内容：2251789077@qq.com
2019-03-06 21:06:58,821 - Base - INFO - 输入内容：123456789
2019-03-06 21:06:59,735 - Base - INFO - click the element
2019-03-06 21:07:00,842 - Base - INFO - had take screenshot and save to folder:/scteenshots
2019-03-06 21:07:00,842 - Base - ERROR - faild find element with Message: Missing parameters: ["selector"]

2019-03-06 21:07:02,011 - Base - INFO - had take screenshot and save to folder:/scteenshots
2019-03-06 21:07:02,012 - Base - ERROR - failed get_text with 'NoneType' object has no attribute 'text'
2019-03-06 21:07:03,415 - Base - INFO - click the element
2019-03-06 21:07:05,117 - Base - INFO - click the element
2019-03-06 21:07:07,256 - Base - INFO - click the element
